<?xml version="1.0" encoding="UTF-8"?>
<!-- Generated by org.testng.reporters.JUnitReportReporter -->
<testsuite skipped="0" hostname="LAPTOP-HM1EOULJ" name="Academy.HomePage" tests="3" failures="0" timestamp="03 Oct 2018 14:48:29 GMT" time="22.142" errors="0">
  <testcase name="basePageNavigation" time="11.147" classname="Academy.HomePage"/>
  <testcase name="basePageNavigation" time="4.428" classname="Academy.HomePage"/>
  <testcase name="basePageNavigation" time="6.567" classname="Academy.HomePage"/>
</testsuite> <!-- Academy.HomePage -->
