<?xml version="1.0" encoding="UTF-8"?>
<!-- Generated by org.testng.reporters.JUnitReportReporter -->
<testsuite skipped="0" hostname="LAPTOP-HM1EOULJ" name="Academy.validateNavigationBar" tests="1" failures="0" timestamp="03 Oct 2018 14:48:29 GMT" time="0.043" errors="0">
  <testcase name="basePageNavigation" time="0.043" classname="Academy.validateNavigationBar"/>
</testsuite> <!-- Academy.validateNavigationBar -->
